<?xml version="1.0" encoding="UTF-8"?>
<testsuite name="ListAggregatorTest" tests="6" skipped="0" failures="0" errors="0" timestamp="2022-10-18T09:57:33" hostname="CRELVAS-DELL" time="0.048">
  <properties/>
  <testcase name="max_bug_7263()" classname="ListAggregatorTest" time="0.037"/>
  <testcase name="max()" classname="ListAggregatorTest" time="0.002"/>
  <testcase name="min()" classname="ListAggregatorTest" time="0.001"/>
  <testcase name="sum()" classname="ListAggregatorTest" time="0.001"/>
  <testcase name="distinct()" classname="ListAggregatorTest" time="0.001"/>
  <testcase name="bug_sort_8726()" classname="ListAggregatorTest" time="0.002"/>
  <system-out><![CDATA[]]></system-out>
  <system-err><![CDATA[]]></system-err>
</testsuite>
